<?xml version="1.0" encoding="UTF-8"?>
<!-- Generated by org.testng.reporters.JUnitXMLReporter -->
<testsuite hostname="W104DBDR73" ignored="0" name="SauceDemoTest" tests="20" failures="0" timestamp="08 Mar 2023 11:17:54 GMT" time="194.262" errors="0">
  <testcase name="run" time="1.563" classname="com.saucedemo.testcases.TC0001_LoginTest_ValidCredential"/>
  <testcase name="run" time="1.18" classname="com.saucedemo.testcases.TC0001_LoginTest_ValidCredential"/>
  <testcase name="run" time="6.279" classname="com.saucedemo.testcases.TC0001_LoginTest_ValidCredential"/>
  <testcase name="run" time="0.485" classname="com.saucedemo.testcases.TC0002_LoginTest_InvalidPassword"/>
  <testcase name="run" time="0.319" classname="com.saucedemo.testcases.TC0002_LoginTest_InvalidPassword"/>
  <testcase name="run" time="0.488" classname="com.saucedemo.testcases.TC0003_LoginTest_InvalidUsername"/>
  <testcase name="run" time="0.402" classname="com.saucedemo.testcases.TC0003_LoginTest_InvalidUsername"/>
  <testcase name="run" time="0.294" classname="com.saucedemo.testcases.TC0004_LoginTest_MaskedPassword"/>
  <testcase name="run" time="0.297" classname="com.saucedemo.testcases.TC0005_LoginTest_UnmaskedUsername"/>
  <testcase name="run" time="0.419" classname="com.saucedemo.testcases.TC0006_LoginTest_WithoutPassword"/>
  <testcase name="run" time="0.588" classname="com.saucedemo.testcases.TC0007_LoginTest_WithoutUsername"/>
  <testcase name="run" time="0.798" classname="com.saucedemo.testcases.TC0008_LoginTest_LockedUser"/>
  <testcase name="run" time="0.17" classname="com.saucedemo.testcases.TC0009_LoginTest_UsernameInPlaceholder"/>
  <testcase name="run" time="0.185" classname="com.saucedemo.testcases.TC0010_LoginTest_PasswordInPlaceholder"/>
  <testcase name="run" time="1.065" classname="com.saucedemo.testcases.TC0101_AddAndRemoveSingleProductFromCart"/>
  <testcase name="run" time="1.728" classname="com.saucedemo.testcases.TC0102_AddAndRemoveMultipleProductsFromCart"/>
  <testcase name="run" time="4.471" classname="com.saucedemo.testcases.TC0501_OrderCheckout"/>
  <testcase name="run" time="3.336" classname="com.saucedemo.testcases.TC0501_OrderCheckout"/>
  <testcase name="run" time="3.299" classname="com.saucedemo.testcases.TC0501_OrderCheckout"/>
  <testcase name="run" time="3.188" classname="com.saucedemo.testcases.TC0501_OrderCheckout"/>
</testsuite> <!-- SauceDemoTest -->
